2025-11-24 12:11:48 [main] INFO  TC_01_AccountRegistrationTest:15 - ***** Started TC_01_AccountRegistrationTest *****
2025-11-24 12:11:48 [main] INFO  TC_01_AccountRegistrationTest:21 - Clicked on MyAccount link..
2025-11-24 12:11:48 [main] INFO  TC_01_AccountRegistrationTest:23 - Clicked on Register link..
2025-11-24 12:11:48 [main] INFO  TC_01_AccountRegistrationTest:27 - Providing customer details..
2025-11-24 12:11:49 [main] INFO  TC_01_AccountRegistrationTest:38 - Checked and agreed to privacy policy...
2025-11-24 12:11:50 [main] INFO  TC_01_AccountRegistrationTest:41 - Clicked on Continue button...
2025-11-24 12:11:50 [main] INFO  TC_01_AccountRegistrationTest:43 - Validating account creation message..
2025-11-24 12:11:50 [main] INFO  TC_01_AccountRegistrationTest:46 - Account created...
2025-11-24 12:11:50 [main] INFO  TC_01_AccountRegistrationTest:61 - ***** Finished TC_01_AccountRegistrationTest *****
2025-11-24 12:11:54 [main] INFO  TC_02_LogInTest:16 - ***** Started TC_02_LogInTest *****
2025-11-24 12:11:54 [main] INFO  TC_02_LogInTest:22 - Clicked on My Account link...
2025-11-24 12:11:54 [main] INFO  TC_02_LogInTest:24 - Clicked on LogIn link...
2025-11-24 12:11:54 [main] INFO  TC_02_LogInTest:28 - Providing customer details...
2025-11-24 12:11:54 [main] INFO  TC_02_LogInTest:32 - Clicked on Login button...
2025-11-24 12:11:54 [main] INFO  TC_02_LogInTest:36 - Validating My Account page...
2025-11-24 12:11:55 [main] INFO  TC_02_LogInTest:43 - ***** Finished TC_02_LogInTest *****
2025-11-24 12:11:57 [main] INFO  TC_04_SearchProductTest:14 - **** Starting TC_04_SearchProductTest ****
2025-11-24 12:11:57 [main] INFO  TC_04_SearchProductTest:18 - Product name entered in search box
2025-11-24 12:11:58 [main] INFO  TC_04_SearchProductTest:20 - Clicked on search button
2025-11-24 12:11:58 [main] INFO  TC_04_SearchProductTest:23 - Validating the product existence
2025-11-24 12:11:58 [main] INFO  TC_04_SearchProductTest:26 - **** Finished TC_04_SearchProductTest ****
2025-11-24 12:12:00 [main] INFO  TC_07_CheckOutProductTest:19 - **** Starting TC_07_CheckOutProductTest ****
2025-11-24 12:12:00 [main] INFO  TC_07_CheckOutProductTest:25 - Clicked on MyAccount link..
2025-11-24 12:12:00 [main] INFO  TC_07_CheckOutProductTest:27 - Clicked on LogIn link..
2025-11-24 12:12:00 [main] INFO  TC_07_CheckOutProductTest:31 - Providing customer details...
2025-11-24 12:12:01 [main] INFO  TC_07_CheckOutProductTest:35 - Clicked on Login button...
2025-11-24 12:12:01 [main] INFO  TC_07_CheckOutProductTest:39 - Validating My Account page...
2025-11-24 12:12:13 [main] INFO  TC_07_CheckOutProductTest:52 - Product entered in search box
2025-11-24 12:12:14 [main] INFO  TC_07_CheckOutProductTest:54 - Clicked on search icon
2025-11-24 12:12:14 [main] INFO  TC_07_CheckOutProductTest:59 - Validating if product is available
2025-11-24 12:12:15 [main] INFO  TC_07_CheckOutProductTest:66 - Added quantity
2025-11-24 12:12:15 [main] INFO  TC_07_CheckOutProductTest:68 - Clicked on Add To Cart
2025-11-24 12:12:15 [main] INFO  TC_07_CheckOutProductTest:69 - Validating if desired product added to cart successfully
2025-11-24 12:12:15 [main] INFO  TC_07_CheckOutProductTest:75 - Clicked on Shopping Cart..
2025-11-24 12:12:15 [main] INFO  TC_07_CheckOutProductTest:77 - Product is available in cart...
2025-11-24 12:12:15 [main] INFO  TC_07_CheckOutProductTest:80 - Estimating the Shipping Charges based on country, state and shipping method...
2025-11-24 12:12:16 [main] INFO  TC_07_CheckOutProductTest:83 - Country selected...
2025-11-24 12:12:16 [main] INFO  TC_07_CheckOutProductTest:85 - State selected...
2025-11-24 12:12:16 [main] INFO  TC_07_CheckOutProductTest:88 - Clicked on Get Quote...
2025-11-24 12:12:16 [main] INFO  TC_07_CheckOutProductTest:90 - Selected flat shipping method...
2025-11-24 12:12:16 [main] INFO  TC_07_CheckOutProductTest:93 - Clicked on Apply Shipping charges..
2025-11-24 12:12:16 [main] INFO  TC_07_CheckOutProductTest:94 - Validating if the shipping charges are applied successfully...
2025-11-24 12:12:17 [main] INFO  TC_07_CheckOutProductTest:96 - Validating the total price...
2025-11-24 12:12:17 [main] INFO  TC_07_CheckOutProductTest:100 - Clicked on checkout...
2025-11-24 12:12:17 [main] INFO  TC_07_CheckOutProductTest:103 - Validating if the product checked out successfully...
2025-11-24 12:12:17 [main] INFO  TC_07_CheckOutProductTest:107 - Clicked on continue for Billing details...
2025-11-24 12:12:18 [main] INFO  TC_07_CheckOutProductTest:109 - Clicked on continue for Delivery details...
2025-11-24 12:12:18 [main] INFO  TC_07_CheckOutProductTest:111 - Clicked on continue for delivery method...
2025-11-24 12:12:19 [main] INFO  TC_07_CheckOutProductTest:113 - Checked terms and conditions checkbox...
2025-11-24 12:12:19 [main] INFO  TC_07_CheckOutProductTest:115 - Clicked on continue for Payment method...
2025-11-24 12:12:19 [main] INFO  TC_07_CheckOutProductTest:116 - Validating the total price....
2025-11-24 12:12:20 [main] INFO  TC_07_CheckOutProductTest:119 - Clicked on confirm order...
2025-11-24 12:12:20 [main] INFO  TC_07_CheckOutProductTest:120 - Validating if order placed successfully...
2025-11-24 12:12:20 [main] INFO  TC_07_CheckOutProductTest:125 - **** Finished TC_07_CheckOutProductTest ****
